CAMtasticDXP Drill Report
Serial Number:0000-00-00000
Drill File: C:\Users\schno\Desktop\mini-rfsynth\Project Outputs for mini-rfsynth\cam.drl
Format: 2.4
Units: English (Inch)
Step & Repeat Codes Used: NO


TOOL		SIZE		COUNT
====		======		=====

 1 		0.0300		62
 2 		0.0300		36
 3 		0.0500		8
 4 		0.0709		6
 5 		0.0900		2
 6 		0.2000		1
 7 		0.0256		8
 8 		0.1220		1
 9 		0.0650		8
 10 		0.0949		1
 11 		0.0500		4
 12 		0.0400		8
 13 		0.1437		1
 14 		0.0098		16
 15 		0.0374		16
 16 		0.0228		4
 17 		0.2362		4
 18 		0.0950		4
 19 		0.0700		7
 20 		0.0700		2
 21 		0.2000		2
 22 		0.0200		221
 23 		0.0250		79
 24 		0.0500		10
 25 		0.0280		6
 26 		0.0197		21
